# JRE version: OpenJDK Runtime Environment (11.0.12+7) (build 11.0.12+7-b1504.28-7817840)
# Java VM: OpenJDK 64-Bit Server VM (11.0.12+7-b1504.28-7817840, mixed mode, tiered, compressed oops, g1 gc, windows-amd64)
Heap:
 garbage-first heap   total 510976K, used 187381K [0x0000000080000000, 0x0000000100000000)
  region size 1024K, 16 young (16384K), 16 survivors (16384K)
 Metaspace       used 102286K, capacity 105099K, committed 105216K, reserved 1140736K
  class space    used 13264K, capacity 14330K, committed 14336K, reserved 1048576K
GC Heap History (20 events):
Event: 32.492 GC heap after
{Heap after GC invocations=73 (full 0):
 garbage-first heap   total 237568K, used 150040K [0x0000000080000000, 0x0000000100000000)
  region size 1024K, 6 young (6144K), 6 survivors (6144K)
 Metaspace       used 97982K, capacity 100479K, committed 100992K, reserved 1136640K
  class space    used 12868K, capacity 13819K, committed 13952K, reserved 1048576K
}
Event: 32.643 GC heap before
{Heap before GC invocations=73 (full 0):
 garbage-first heap   total 237568K, used 194072K [0x0000000080000000, 0x0000000100000000)
  region size 1024K, 49 young (50176K), 6 survivors (6144K)
 Metaspace       used 98601K, capacity 101083K, committed 101376K, reserved 1136640K
  class space    used 12956K, capacity 13908K, committed 14080K, reserved 1048576K
}
Event: 32.660 GC heap after
{Heap after GC invocations=74 (full 0):
 garbage-first heap   total 314368K, used 154700K [0x0000000080000000, 0x0000000100000000)
  region size 1024K, 5 young (5120K), 5 survivors (5120K)
 Metaspace       used 98601K, capacity 101083K, committed 101376K, reserved 1136640K
  class space    used 12956K, capacity 13908K, committed 14080K, reserved 1048576K
}
Event: 33.294 GC heap before
{Heap before GC invocations=75 (full 0):
 garbage-first heap   total 314368K, used 227404K [0x0000000080000000, 0x0000000100000000)
  region size 1024K, 76 young (77824K), 5 survivors (5120K)
 Metaspace       used 99486K, capacity 101990K, committed 102400K, reserved 1138688K
  class space    used 13017K, capacity 13965K, committed 14080K, reserved 1048576K
}
Event: 33.308 GC heap after
{Heap after GC invocations=76 (full 0):
 garbage-first heap   total 314368K, used 158794K [0x0000000080000000, 0x0000000100000000)
  region size 1024K, 9 young (9216K), 9 survivors (9216K)
 Metaspace       used 99486K, capacity 101990K, committed 102400K, reserved 1138688K
  class space    used 13017K, capacity 13965K, committed 14080K, reserved 1048576K
}
Event: 33.874 GC heap before
{Heap before GC invocations=76 (full 0):
 garbage-first heap   total 314368K, used 234570K [0x0000000080000000, 0x0000000100000000)
  region size 1024K, 84 young (86016K), 9 survivors (9216K)
 Metaspace       used 100375K, capacity 102983K, committed 103040K, reserved 1138688K
  class space    used 13154K, capacity 14152K, committed 14208K, reserved 1048576K
}
Event: 33.885 GC heap after
{Heap after GC invocations=77 (full 0):
 garbage-first heap   total 314368K, used 160682K [0x0000000080000000, 0x0000000100000000)
  region size 1024K, 7 young (7168K), 7 survivors (7168K)
 Metaspace       used 100375K, capacity 102983K, committed 103040K, reserved 1138688K
  class space    used 13154K, capacity 14152K, committed 14208K, reserved 1048576K
}
Event: 34.455 GC heap before
{Heap before GC invocations=78 (full 0):
 garbage-first heap   total 314368K, used 241578K [0x0000000080000000, 0x0000000100000000)
  region size 1024K, 87 young (89088K), 7 survivors (7168K)
 Metaspace       used 100740K, capacity 103505K, committed 103680K, reserved 1138688K
  class space    used 13240K, capacity 14286K, committed 14336K, reserved 1048576K
}
Event: 34.466 GC heap after
{Heap after GC invocations=79 (full 0):
 garbage-first heap   total 314368K, used 163476K [0x0000000080000000, 0x0000000100000000)
  region size 1024K, 5 young (5120K), 5 survivors (5120K)
 Metaspace       used 100740K, capacity 103505K, committed 103680K, reserved 1138688K
  class space    used 13240K, capacity 14286K, committed 14336K, reserved 1048576K
}
Event: 34.847 GC heap before
{Heap before GC invocations=79 (full 0):
 garbage-first heap   total 314368K, used 254612K [0x0000000080000000, 0x0000000100000000)
  region size 1024K, 94 young (96256K), 5 survivors (5120K)
 Metaspace       used 101000K, capacity 103709K, committed 103936K, reserved 1138688K
  class space    used 13243K, capacity 14288K, committed 14336K, reserved 1048576K
}
Event: 34.884 GC heap after
{Heap after GC invocations=80 (full 0):
 garbage-first heap   total 394240K, used 169167K [0x0000000080000000, 0x0000000100000000)
  region size 1024K, 11 young (11264K), 11 survivors (11264K)
 Metaspace       used 101000K, capacity 103709K, committed 103936K, reserved 1138688K
  class space    used 13243K, capacity 14288K, committed 14336K, reserved 1048576K
}
Event: 35.818 GC heap before
{Heap before GC invocations=81 (full 0):
 garbage-first heap   total 394240K, used 298191K [0x0000000080000000, 0x0000000100000000)
  region size 1024K, 137 young (140288K), 11 survivors (11264K)
 Metaspace       used 101496K, capacity 104290K, committed 104448K, reserved 1138688K
  class space    used 13248K, capacity 14324K, committed 14336K, reserved 1048576K
}
Event: 35.841 GC heap after
{Heap after GC invocations=82 (full 0):
 garbage-first heap   total 394240K, used 172850K [0x0000000080000000, 0x0000000100000000)
  region size 1024K, 12 young (12288K), 12 survivors (12288K)
 Metaspace       used 101496K, capacity 104290K, committed 104448K, reserved 1138688K
  class space    used 13248K, capacity 14324K, committed 14336K, reserved 1048576K
}
Event: 36.400 GC heap before
{Heap before GC invocations=82 (full 0):
 garbage-first heap   total 394240K, used 318258K [0x0000000080000000, 0x0000000100000000)
  region size 1024K, 155 young (158720K), 12 survivors (12288K)
 Metaspace       used 101869K, capacity 104655K, committed 104704K, reserved 1140736K
  class space    used 13256K, capacity 14327K, committed 14336K, reserved 1048576K
}
Event: 36.413 GC heap after
{Heap after GC invocations=83 (full 0):
 garbage-first heap   total 394240K, used 173085K [0x0000000080000000, 0x0000000100000000)
  region size 1024K, 6 young (6144K), 6 survivors (6144K)
 Metaspace       used 101869K, capacity 104655K, committed 104704K, reserved 1140736K
  class space    used 13256K, capacity 14327K, committed 14336K, reserved 1048576K
}
Event: 36.994 GC heap before
{Heap before GC invocations=83 (full 0):
 garbage-first heap   total 394240K, used 326685K [0x0000000080000000, 0x0000000100000000)
  region size 1024K, 157 young (160768K), 6 survivors (6144K)
 Metaspace       used 102115K, capacity 104877K, committed 104960K, reserved 1140736K
  class space    used 13256K, capacity 14327K, committed 14336K, reserved 1048576K
}
Event: 37.010 GC heap after
{Heap after GC invocations=84 (full 0):
 garbage-first heap   total 394240K, used 180515K [0x0000000080000000, 0x0000000100000000)
  region size 1024K, 13 young (13312K), 13 survivors (13312K)
 Metaspace       used 102115K, capacity 104877K, committed 104960K, reserved 1140736K
  class space    used 13256K, capacity 14327K, committed 14336K, reserved 1048576K
}
Event: 37.356 GC heap before
{Heap before GC invocations=84 (full 0):
 garbage-first heap   total 394240K, used 328995K [0x0000000080000000, 0x0000000100000000)
  region size 1024K, 159 young (162816K), 13 survivors (13312K)
 Metaspace       used 102208K, capacity 104954K, committed 105216K, reserved 1140736K
  class space    used 13262K, capacity 14328K, committed 14336K, reserved 1048576K
}
Event: 37.372 GC heap after
{Heap after GC invocations=85 (full 0):
 garbage-first heap   total 394240K, used 182737K [0x0000000080000000, 0x0000000100000000)
  region size 1024K, 12 young (12288K), 12 survivors (12288K)
 Metaspace       used 102208K, capacity 104954K, committed 105216K, reserved 1140736K
  class space    used 13262K, capacity 14328K, committed 14336K, reserved 1048576K
}
Event: 37.608 GC heap before
{Heap before GC invocations=85 (full 0):
 garbage-first heap   total 394240K, used 330193K [0x0000000080000000, 0x0000000100000000)
  region size 1024K, 157 young (160768K), 12 survivors (12288K)
 Metaspace       used 102286K, capacity 105099K, committed 105216K, reserved 1140736K
  class space    used 13264K, capacity 14330K, committed 14336K, reserved 1048576K
}

