# JRE version: OpenJDK Runtime Environment (11.0.12+7) (build 11.0.12+7-b1504.28-7817840)
# Java VM: OpenJDK 64-Bit Server VM (11.0.12+7-b1504.28-7817840, mixed mode, tiered, compressed oops, g1 gc, windows-amd64)
Heap:
 garbage-first heap   total 379904K, used 286604K [0x0000000080000000, 0x0000000100000000)
  region size 1024K, 122 young (124928K), 3 survivors (3072K)
 Metaspace       used 102334K, capacity 105109K, committed 105472K, reserved 1140736K
  class space    used 13391K, capacity 14466K, committed 14592K, reserved 1048576K
GC Heap History (20 events):
Event: 18.882 GC heap before
{Heap before GC invocations=41 (full 0):
 garbage-first heap   total 192512K, used 136562K [0x0000000080000000, 0x0000000100000000)
  region size 1024K, 51 young (52224K), 7 survivors (7168K)
 Metaspace       used 92678K, capacity 94945K, committed 95232K, reserved 1132544K
  class space    used 12082K, capacity 12945K, committed 13056K, reserved 1048576K
}
Event: 18.899 GC heap after
{Heap after GC invocations=42 (full 0):
 garbage-first heap   total 192512K, used 99394K [0x0000000080000000, 0x0000000100000000)
  region size 1024K, 7 young (7168K), 7 survivors (7168K)
 Metaspace       used 92678K, capacity 94945K, committed 95232K, reserved 1132544K
  class space    used 12082K, capacity 12945K, committed 13056K, reserved 1048576K
}
Event: 19.160 GC heap before
{Heap before GC invocations=42 (full 0):
 garbage-first heap   total 192512K, used 142402K [0x0000000080000000, 0x0000000100000000)
  region size 1024K, 50 young (51200K), 7 survivors (7168K)
 Metaspace       used 94399K, capacity 96673K, committed 97024K, reserved 1132544K
  class space    used 12321K, capacity 13177K, committed 13312K, reserved 1048576K
}
Event: 19.179 GC heap after
{Heap after GC invocations=43 (full 0):
 garbage-first heap   total 192512K, used 106970K [0x0000000080000000, 0x0000000100000000)
  region size 1024K, 7 young (7168K), 7 survivors (7168K)
 Metaspace       used 94399K, capacity 96673K, committed 97024K, reserved 1132544K
  class space    used 12321K, capacity 13177K, committed 13312K, reserved 1048576K
}
Event: 19.343 GC heap before
{Heap before GC invocations=44 (full 0):
 garbage-first heap   total 192512K, used 146906K [0x0000000080000000, 0x0000000100000000)
  region size 1024K, 48 young (49152K), 7 survivors (7168K)
 Metaspace       used 95222K, capacity 97676K, committed 97920K, reserved 1134592K
  class space    used 12448K, capacity 13405K, committed 13440K, reserved 1048576K
}
Event: 19.364 GC heap after
{Heap after GC invocations=45 (full 0):
 garbage-first heap   total 192512K, used 113448K [0x0000000080000000, 0x0000000100000000)
  region size 1024K, 6 young (6144K), 6 survivors (6144K)
 Metaspace       used 95222K, capacity 97676K, committed 97920K, reserved 1134592K
  class space    used 12448K, capacity 13405K, committed 13440K, reserved 1048576K
}
Event: 19.465 GC heap before
{Heap before GC invocations=45 (full 0):
 garbage-first heap   total 192512K, used 151336K [0x0000000080000000, 0x0000000100000000)
  region size 1024K, 43 young (44032K), 6 survivors (6144K)
 Metaspace       used 95532K, capacity 98072K, committed 98304K, reserved 1134592K
  class space    used 12503K, capacity 13495K, committed 13568K, reserved 1048576K
}
Event: 19.481 GC heap after
{Heap after GC invocations=46 (full 0):
 garbage-first heap   total 239616K, used 120464K [0x0000000080000000, 0x0000000100000000)
  region size 1024K, 6 young (6144K), 6 survivors (6144K)
 Metaspace       used 95532K, capacity 98072K, committed 98304K, reserved 1134592K
  class space    used 12503K, capacity 13495K, committed 13568K, reserved 1048576K
}
Event: 19.777 GC heap before
{Heap before GC invocations=46 (full 0):
 garbage-first heap   total 239616K, used 171664K [0x0000000080000000, 0x0000000100000000)
  region size 1024K, 56 young (57344K), 6 survivors (6144K)
 Metaspace       used 95853K, capacity 98329K, committed 98688K, reserved 1134592K
  class space    used 12542K, capacity 13507K, committed 13696K, reserved 1048576K
}
Event: 19.797 GC heap after
{Heap after GC invocations=47 (full 0):
 garbage-first heap   total 239616K, used 129174K [0x0000000080000000, 0x0000000100000000)
  region size 1024K, 7 young (7168K), 7 survivors (7168K)
 Metaspace       used 95853K, capacity 98329K, committed 98688K, reserved 1134592K
  class space    used 12542K, capacity 13507K, committed 13696K, reserved 1048576K
}
Event: 20.066 GC heap before
{Heap before GC invocations=48 (full 0):
 garbage-first heap   total 239616K, used 161942K [0x0000000080000000, 0x0000000100000000)
  region size 1024K, 40 young (40960K), 7 survivors (7168K)
 Metaspace       used 96724K, capacity 99269K, committed 99456K, reserved 1134592K
  class space    used 12681K, capacity 13673K, committed 13696K, reserved 1048576K
}
Event: 20.089 GC heap after
{Heap after GC invocations=49 (full 0):
 garbage-first heap   total 239616K, used 136166K [0x0000000080000000, 0x0000000100000000)
  region size 1024K, 6 young (6144K), 6 survivors (6144K)
 Metaspace       used 96724K, capacity 99269K, committed 99456K, reserved 1134592K
  class space    used 12681K, capacity 13673K, committed 13696K, reserved 1048576K
}
Event: 20.518 GC heap before
{Heap before GC invocations=49 (full 0):
 garbage-first heap   total 239616K, used 183270K [0x0000000080000000, 0x0000000100000000)
  region size 1024K, 51 young (52224K), 6 survivors (6144K)
 Metaspace       used 97906K, capacity 100340K, committed 100736K, reserved 1136640K
  class space    used 12874K, capacity 13839K, committed 13952K, reserved 1048576K
}
Event: 20.540 GC heap after
{Heap after GC invocations=50 (full 0):
 garbage-first heap   total 239616K, used 143168K [0x0000000080000000, 0x0000000100000000)
  region size 1024K, 7 young (7168K), 7 survivors (7168K)
 Metaspace       used 97906K, capacity 100340K, committed 100736K, reserved 1136640K
  class space    used 12874K, capacity 13839K, committed 13952K, reserved 1048576K
}
Event: 20.897 GC heap before
{Heap before GC invocations=51 (full 0):
 garbage-first heap   total 239616K, used 186176K [0x0000000080000000, 0x0000000100000000)
  region size 1024K, 50 young (51200K), 7 survivors (7168K)
 Metaspace       used 99135K, capacity 101653K, committed 101888K, reserved 1136640K
  class space    used 13044K, capacity 14018K, committed 14080K, reserved 1048576K
}
Event: 20.922 GC heap after
{Heap after GC invocations=52 (full 0):
 garbage-first heap   total 379904K, used 149991K [0x0000000080000000, 0x0000000100000000)
  region size 1024K, 7 young (7168K), 7 survivors (7168K)
 Metaspace       used 99135K, capacity 101653K, committed 101888K, reserved 1136640K
  class space    used 13044K, capacity 14018K, committed 14080K, reserved 1048576K
}
Event: 21.606 GC heap before
{Heap before GC invocations=52 (full 0):
 garbage-first heap   total 379904K, used 238055K [0x0000000080000000, 0x0000000100000000)
  region size 1024K, 93 young (95232K), 7 survivors (7168K)
 Metaspace       used 100939K, capacity 103611K, committed 103936K, reserved 1138688K
  class space    used 13232K, capacity 14257K, committed 14336K, reserved 1048576K
}
Event: 21.633 GC heap after
{Heap after GC invocations=53 (full 0):
 garbage-first heap   total 379904K, used 157156K [0x0000000080000000, 0x0000000100000000)
  region size 1024K, 12 young (12288K), 12 survivors (12288K)
 Metaspace       used 100939K, capacity 103611K, committed 103936K, reserved 1138688K
  class space    used 13232K, capacity 14257K, committed 14336K, reserved 1048576K
}
Event: 22.813 GC heap before
{Heap before GC invocations=53 (full 0):
 garbage-first heap   total 379904K, used 279012K [0x0000000080000000, 0x0000000100000000)
  region size 1024K, 132 young (135168K), 12 survivors (12288K)
 Metaspace       used 102102K, capacity 104900K, committed 105088K, reserved 1140736K
  class space    used 13384K, capacity 14461K, committed 14464K, reserved 1048576K
}
Event: 22.846 GC heap after
{Heap after GC invocations=54 (full 0):
 garbage-first heap   total 379904K, used 164748K [0x0000000080000000, 0x0000000100000000)
  region size 1024K, 14 young (14336K), 14 survivors (14336K)
 Metaspace       used 102102K, capacity 104900K, committed 105088K, reserved 1140736K
  class space    used 13384K, capacity 14461K, committed 14464K, reserved 1048576K
}

