# JRE version: OpenJDK Runtime Environment (11.0.12+7) (build 11.0.12+7-b1504.28-7817840)
# Java VM: OpenJDK 64-Bit Server VM (11.0.12+7-b1504.28-7817840, mixed mode, tiered, compressed oops, g1 gc, windows-amd64)
Heap:
 garbage-first heap   total 447488K, used 144087K [0x0000000080000000, 0x0000000100000000)
  region size 1024K, 1 young (1024K), 1 survivors (1024K)
 Metaspace       used 99916K, capacity 102498K, committed 102784K, reserved 1138688K
  class space    used 13121K, capacity 14102K, committed 14208K, reserved 1048576K
GC Heap History (20 events):
Event: 14.948 GC heap after
{Heap after GC invocations=37 (full 0):
 garbage-first heap   total 159744K, used 75196K [0x0000000080000000, 0x0000000100000000)
  region size 1024K, 7 young (7168K), 7 survivors (7168K)
 Metaspace       used 84837K, capacity 87038K, committed 87296K, reserved 1124352K
  class space    used 11104K, capacity 11976K, committed 12032K, reserved 1048576K
}
Event: 15.192 GC heap before
{Heap before GC invocations=37 (full 0):
 garbage-first heap   total 159744K, used 127420K [0x0000000080000000, 0x0000000100000000)
  region size 1024K, 59 young (60416K), 7 survivors (7168K)
 Metaspace       used 87240K, capacity 89555K, committed 89728K, reserved 1126400K
  class space    used 11444K, capacity 12301K, committed 12416K, reserved 1048576K
}
Event: 15.206 GC heap after
{Heap after GC invocations=38 (full 0):
 garbage-first heap   total 159744K, used 83183K [0x0000000080000000, 0x0000000100000000)
  region size 1024K, 8 young (8192K), 8 survivors (8192K)
 Metaspace       used 87240K, capacity 89555K, committed 89728K, reserved 1126400K
  class space    used 11444K, capacity 12301K, committed 12416K, reserved 1048576K
}
Event: 15.368 GC heap before
{Heap before GC invocations=38 (full 0):
 garbage-first heap   total 159744K, used 127215K [0x0000000080000000, 0x0000000100000000)
  region size 1024K, 52 young (53248K), 8 survivors (8192K)
 Metaspace       used 88848K, capacity 91222K, committed 91392K, reserved 1128448K
  class space    used 11644K, capacity 12494K, committed 12544K, reserved 1048576K
}
Event: 15.383 GC heap after
{Heap after GC invocations=39 (full 0):
 garbage-first heap   total 192512K, used 90246K [0x0000000080000000, 0x0000000100000000)
  region size 1024K, 7 young (7168K), 7 survivors (7168K)
 Metaspace       used 88848K, capacity 91222K, committed 91392K, reserved 1128448K
  class space    used 11644K, capacity 12494K, committed 12544K, reserved 1048576K
}
Event: 15.866 GC heap before
{Heap before GC invocations=40 (full 0):
 garbage-first heap   total 192512K, used 146566K [0x0000000080000000, 0x0000000100000000)
  region size 1024K, 63 young (64512K), 7 survivors (7168K)
 Metaspace       used 92308K, capacity 94683K, committed 94976K, reserved 1130496K
  class space    used 12043K, capacity 12907K, committed 13056K, reserved 1048576K
}
Event: 15.877 GC heap after
{Heap after GC invocations=41 (full 0):
 garbage-first heap   total 192512K, used 96030K [0x0000000080000000, 0x0000000100000000)
  region size 1024K, 8 young (8192K), 8 survivors (8192K)
 Metaspace       used 92308K, capacity 94683K, committed 94976K, reserved 1130496K
  class space    used 12043K, capacity 12907K, committed 13056K, reserved 1048576K
}
Event: 16.163 GC heap before
{Heap before GC invocations=41 (full 0):
 garbage-first heap   total 192512K, used 151326K [0x0000000080000000, 0x0000000100000000)
  region size 1024K, 62 young (63488K), 8 survivors (8192K)
 Metaspace       used 93873K, capacity 96262K, committed 96384K, reserved 1132544K
  class space    used 12274K, capacity 13153K, committed 13184K, reserved 1048576K
}
Event: 16.210 GC heap after
{Heap after GC invocations=42 (full 0):
 garbage-first heap   total 192512K, used 105921K [0x0000000080000000, 0x0000000100000000)
  region size 1024K, 8 young (8192K), 8 survivors (8192K)
 Metaspace       used 93873K, capacity 96262K, committed 96384K, reserved 1132544K
  class space    used 12274K, capacity 13153K, committed 13184K, reserved 1048576K
}
Event: 16.522 GC heap before
{Heap before GC invocations=43 (full 0):
 garbage-first heap   total 192512K, used 152001K [0x0000000080000000, 0x0000000100000000)
  region size 1024K, 54 young (55296K), 8 survivors (8192K)
 Metaspace       used 95139K, capacity 97548K, committed 97920K, reserved 1134592K
  class space    used 12428K, capacity 13316K, committed 13440K, reserved 1048576K
}
Event: 16.541 GC heap after
{Heap after GC invocations=44 (full 0):
 garbage-first heap   total 192512K, used 112844K [0x0000000080000000, 0x0000000100000000)
  region size 1024K, 7 young (7168K), 7 survivors (7168K)
 Metaspace       used 95139K, capacity 97548K, committed 97920K, reserved 1134592K
  class space    used 12428K, capacity 13316K, committed 13440K, reserved 1048576K
}
Event: 16.687 GC heap before
{Heap before GC invocations=44 (full 0):
 garbage-first heap   total 192512K, used 154828K [0x0000000080000000, 0x0000000100000000)
  region size 1024K, 49 young (50176K), 7 survivors (7168K)
 Metaspace       used 95681K, capacity 98231K, committed 98560K, reserved 1134592K
  class space    used 12531K, capacity 13485K, committed 13568K, reserved 1048576K
}
Event: 16.714 GC heap after
{Heap after GC invocations=45 (full 0):
 garbage-first heap   total 263168K, used 119291K [0x0000000080000000, 0x0000000100000000)
  region size 1024K, 7 young (7168K), 7 survivors (7168K)
 Metaspace       used 95681K, capacity 98231K, committed 98560K, reserved 1134592K
  class space    used 12531K, capacity 13485K, committed 13568K, reserved 1048576K
}
Event: 17.222 GC heap before
{Heap before GC invocations=46 (full 0):
 garbage-first heap   total 263168K, used 188923K [0x0000000080000000, 0x0000000100000000)
  region size 1024K, 73 young (74752K), 7 survivors (7168K)
 Metaspace       used 96462K, capacity 98987K, committed 99200K, reserved 1134592K
  class space    used 12643K, capacity 13626K, committed 13696K, reserved 1048576K
}
Event: 17.264 GC heap after
{Heap after GC invocations=47 (full 0):
 garbage-first heap   total 263168K, used 130660K [0x0000000080000000, 0x0000000100000000)
  region size 1024K, 10 young (10240K), 10 survivors (10240K)
 Metaspace       used 96462K, capacity 98987K, committed 99200K, reserved 1134592K
  class space    used 12643K, capacity 13626K, committed 13696K, reserved 1048576K
}
Event: 17.667 GC heap before
{Heap before GC invocations=47 (full 0):
 garbage-first heap   total 263168K, used 200292K [0x0000000080000000, 0x0000000100000000)
  region size 1024K, 78 young (79872K), 10 survivors (10240K)
 Metaspace       used 98590K, capacity 101179K, committed 101376K, reserved 1136640K
  class space    used 12975K, capacity 13995K, committed 14080K, reserved 1048576K
}
Event: 17.701 GC heap after
{Heap after GC invocations=48 (full 0):
 garbage-first heap   total 263168K, used 141823K [0x0000000080000000, 0x0000000100000000)
  region size 1024K, 10 young (10240K), 10 survivors (10240K)
 Metaspace       used 98590K, capacity 101179K, committed 101376K, reserved 1136640K
  class space    used 12975K, capacity 13995K, committed 14080K, reserved 1048576K
}
Event: 18.265 GC heap before
{Heap before GC invocations=49 (full 0):
 garbage-first heap   total 263168K, used 205311K [0x0000000080000000, 0x0000000100000000)
  region size 1024K, 72 young (73728K), 10 survivors (10240K)
 Metaspace       used 99855K, capacity 102473K, committed 102784K, reserved 1138688K
  class space    used 13116K, capacity 14094K, committed 14208K, reserved 1048576K
}
Event: 18.284 GC heap after
{Heap after GC invocations=50 (full 0):
 garbage-first heap   total 263168K, used 145034K [0x0000000080000000, 0x0000000100000000)
  region size 1024K, 3 young (3072K), 3 survivors (3072K)
 Metaspace       used 99855K, capacity 102473K, committed 102784K, reserved 1138688K
  class space    used 13116K, capacity 14094K, committed 14208K, reserved 1048576K
}
Event: 18.322 GC heap before
{Heap before GC invocations=50 (full 0):
 garbage-first heap   total 263168K, used 154250K [0x0000000080000000, 0x0000000100000000)
  region size 1024K, 12 young (12288K), 3 survivors (3072K)
 Metaspace       used 99916K, capacity 102498K, committed 102784K, reserved 1138688K
  class space    used 13121K, capacity 14102K, committed 14208K, reserved 1048576K
}

