# JRE version: OpenJDK Runtime Environment (11.0.12+7) (build 11.0.12+7-b1504.28-7817840)
# Java VM: OpenJDK 64-Bit Server VM (11.0.12+7-b1504.28-7817840, mixed mode, tiered, compressed oops, g1 gc, windows-amd64)
Heap:
 garbage-first heap   total 544768K, used 227197K [0x0000000080000000, 0x0000000100000000)
  region size 1024K, 11 young (11264K), 11 survivors (11264K)
 Metaspace       used 107648K, capacity 110553K, committed 110668K, reserved 1144832K
  class space    used 13771K, capacity 14892K, committed 14976K, reserved 1048576K
GC Heap History (20 events):
Event: 83.116 GC heap after
{Heap after GC invocations=87 (full 0):
 garbage-first heap   total 479232K, used 170895K [0x0000000080000000, 0x0000000100000000)
  region size 1024K, 27 young (27648K), 27 survivors (27648K)
 Metaspace       used 107197K, capacity 110027K, committed 110156K, reserved 1144832K
  class space    used 13737K, capacity 14852K, committed 14976K, reserved 1048576K
}
Event: 84.184 GC heap before
{Heap before GC invocations=87 (full 0):
 garbage-first heap   total 479232K, used 401295K [0x0000000080000000, 0x0000000100000000)
  region size 1024K, 253 young (259072K), 27 survivors (27648K)
 Metaspace       used 107294K, capacity 110182K, committed 110412K, reserved 1144832K
  class space    used 13756K, capacity 14883K, committed 14976K, reserved 1048576K
}
Event: 84.279 GC heap after
{Heap after GC invocations=88 (full 0):
 garbage-first heap   total 479232K, used 182627K [0x0000000080000000, 0x0000000100000000)
  region size 1024K, 23 young (23552K), 23 survivors (23552K)
 Metaspace       used 107294K, capacity 110182K, committed 110412K, reserved 1144832K
  class space    used 13756K, capacity 14883K, committed 14976K, reserved 1048576K
}
Event: 85.156 GC heap before
{Heap before GC invocations=88 (full 0):
 garbage-first heap   total 479232K, used 403811K [0x0000000080000000, 0x0000000100000000)
  region size 1024K, 238 young (243712K), 23 survivors (23552K)
 Metaspace       used 107411K, capacity 110329K, committed 110668K, reserved 1144832K
  class space    used 13758K, capacity 14885K, committed 14976K, reserved 1048576K
}
Event: 85.217 GC heap after
{Heap after GC invocations=89 (full 0):
 garbage-first heap   total 479232K, used 197120K [0x0000000080000000, 0x0000000100000000)
  region size 1024K, 29 young (29696K), 29 survivors (29696K)
 Metaspace       used 107411K, capacity 110329K, committed 110668K, reserved 1144832K
  class space    used 13758K, capacity 14885K, committed 14976K, reserved 1048576K
}
Event: 86.339 GC heap before
{Heap before GC invocations=89 (full 0):
 garbage-first heap   total 479232K, used 399872K [0x0000000080000000, 0x0000000100000000)
  region size 1024K, 228 young (233472K), 29 survivors (29696K)
 Metaspace       used 107491K, capacity 110399K, committed 110668K, reserved 1144832K
  class space    used 13761K, capacity 14886K, committed 14976K, reserved 1048576K
}
Event: 86.395 GC heap after
{Heap after GC invocations=90 (full 0):
 garbage-first heap   total 479232K, used 199680K [0x0000000080000000, 0x0000000100000000)
  region size 1024K, 18 young (18432K), 18 survivors (18432K)
 Metaspace       used 107491K, capacity 110399K, committed 110668K, reserved 1144832K
  class space    used 13761K, capacity 14886K, committed 14976K, reserved 1048576K
}
Event: 87.376 GC heap before
{Heap before GC invocations=90 (full 0):
 garbage-first heap   total 479232K, used 402432K [0x0000000080000000, 0x0000000100000000)
  region size 1024K, 217 young (222208K), 18 survivors (18432K)
 Metaspace       used 107524K, capacity 110403K, committed 110668K, reserved 1144832K
  class space    used 13762K, capacity 14886K, committed 14976K, reserved 1048576K
}
Event: 87.460 GC heap after
{Heap after GC invocations=91 (full 0):
 garbage-first heap   total 479232K, used 213852K [0x0000000080000000, 0x0000000100000000)
  region size 1024K, 19 young (19456K), 19 survivors (19456K)
 Metaspace       used 107524K, capacity 110403K, committed 110668K, reserved 1144832K
  class space    used 13762K, capacity 14886K, committed 14976K, reserved 1048576K
}
Event: 88.524 GC heap before
{Heap before GC invocations=91 (full 0):
 garbage-first heap   total 479232K, used 401244K [0x0000000080000000, 0x0000000100000000)
  region size 1024K, 203 young (207872K), 19 survivors (19456K)
 Metaspace       used 107535K, capacity 110409K, committed 110668K, reserved 1144832K
  class space    used 13762K, capacity 14887K, committed 14976K, reserved 1048576K
}
Event: 88.577 GC heap after
{Heap after GC invocations=92 (full 0):
 garbage-first heap   total 479232K, used 218404K [0x0000000080000000, 0x0000000100000000)
  region size 1024K, 8 young (8192K), 8 survivors (8192K)
 Metaspace       used 107535K, capacity 110409K, committed 110668K, reserved 1144832K
  class space    used 13762K, capacity 14887K, committed 14976K, reserved 1048576K
}
Event: 90.923 GC heap before
{Heap before GC invocations=92 (full 0):
 garbage-first heap   total 479232K, used 402724K [0x0000000080000000, 0x0000000100000000)
  region size 1024K, 189 young (193536K), 8 survivors (8192K)
 Metaspace       used 107578K, capacity 110473K, committed 110668K, reserved 1144832K
  class space    used 13767K, capacity 14887K, committed 14976K, reserved 1048576K
}
Event: 90.970 GC heap after
{Heap after GC invocations=93 (full 0):
 garbage-first heap   total 479232K, used 220349K [0x0000000080000000, 0x0000000100000000)
  region size 1024K, 10 young (10240K), 10 survivors (10240K)
 Metaspace       used 107578K, capacity 110473K, committed 110668K, reserved 1144832K
  class space    used 13767K, capacity 14887K, committed 14976K, reserved 1048576K
}
Event: 93.060 GC heap before
{Heap before GC invocations=93 (full 0):
 garbage-first heap   total 479232K, used 405693K [0x0000000080000000, 0x0000000100000000)
  region size 1024K, 192 young (196608K), 10 survivors (10240K)
 Metaspace       used 107602K, capacity 110489K, committed 110668K, reserved 1144832K
  class space    used 13770K, capacity 14892K, committed 14976K, reserved 1048576K
}
Event: 93.086 GC heap after
{Heap after GC invocations=94 (full 0):
 garbage-first heap   total 479232K, used 223444K [0x0000000080000000, 0x0000000100000000)
  region size 1024K, 13 young (13312K), 13 survivors (13312K)
 Metaspace       used 107602K, capacity 110489K, committed 110668K, reserved 1144832K
  class space    used 13770K, capacity 14892K, committed 14976K, reserved 1048576K
}
Event: 94.272 GC heap before
{Heap before GC invocations=94 (full 0):
 garbage-first heap   total 479232K, used 408788K [0x0000000080000000, 0x0000000100000000)
  region size 1024K, 194 young (198656K), 13 survivors (13312K)
 Metaspace       used 107607K, capacity 110489K, committed 110668K, reserved 1144832K
  class space    used 13770K, capacity 14892K, committed 14976K, reserved 1048576K
}
Event: 94.299 GC heap after
{Heap after GC invocations=95 (full 0):
 garbage-first heap   total 479232K, used 224092K [0x0000000080000000, 0x0000000100000000)
  region size 1024K, 14 young (14336K), 14 survivors (14336K)
 Metaspace       used 107607K, capacity 110489K, committed 110668K, reserved 1144832K
  class space    used 13770K, capacity 14892K, committed 14976K, reserved 1048576K
}
Event: 95.445 GC heap before
{Heap before GC invocations=95 (full 0):
 garbage-first heap   total 479232K, used 410460K [0x0000000080000000, 0x0000000100000000)
  region size 1024K, 197 young (201728K), 14 survivors (14336K)
 Metaspace       used 107612K, capacity 110489K, committed 110668K, reserved 1144832K
  class space    used 13770K, capacity 14892K, committed 14976K, reserved 1048576K
}
Event: 95.529 GC heap after
{Heap after GC invocations=96 (full 0):
 garbage-first heap   total 479232K, used 224642K [0x0000000080000000, 0x0000000100000000)
  region size 1024K, 8 young (8192K), 8 survivors (8192K)
 Metaspace       used 107612K, capacity 110489K, committed 110668K, reserved 1144832K
  class space    used 13770K, capacity 14892K, committed 14976K, reserved 1048576K
}
Event: 96.751 GC heap before
{Heap before GC invocations=96 (full 0):
 garbage-first heap   total 479232K, used 413058K [0x0000000080000000, 0x0000000100000000)
  region size 1024K, 192 young (196608K), 8 survivors (8192K)
 Metaspace       used 107648K, capacity 110553K, committed 110668K, reserved 1144832K
  class space    used 13771K, capacity 14892K, committed 14976K, reserved 1048576K
}

