# JRE version: OpenJDK Runtime Environment (11.0.12+7) (build 11.0.12+7-b1504.28-7817840)
# Java VM: OpenJDK 64-Bit Server VM (11.0.12+7-b1504.28-7817840, mixed mode, tiered, compressed oops, g1 gc, windows-amd64)
Heap:
 garbage-first heap   total 315392K, used 151322K [0x0000000080000000, 0x0000000100000000)
  region size 1024K, 2 young (2048K), 2 survivors (2048K)
 Metaspace       used 98876K, capacity 101369K, committed 101504K, reserved 1136640K
  class space    used 12950K, capacity 13920K, committed 13952K, reserved 1048576K
GC Heap History (20 events):
Event: 30.738 GC heap after
{Heap after GC invocations=50 (full 0):
 garbage-first heap   total 159744K, used 88898K [0x0000000080000000, 0x0000000100000000)
  region size 1024K, 7 young (7168K), 7 survivors (7168K)
 Metaspace       used 88566K, capacity 90842K, committed 91008K, reserved 1128448K
  class space    used 11556K, capacity 12403K, committed 12416K, reserved 1048576K
}
Event: 31.227 GC heap before
{Heap before GC invocations=51 (full 0):
 garbage-first heap   total 159744K, used 126786K [0x0000000080000000, 0x0000000100000000)
  region size 1024K, 45 young (46080K), 7 survivors (7168K)
 Metaspace       used 89923K, capacity 92066K, committed 92288K, reserved 1128448K
  class space    used 11716K, capacity 12533K, committed 12672K, reserved 1048576K
}
Event: 31.239 GC heap after
{Heap after GC invocations=52 (full 0):
 garbage-first heap   total 159744K, used 94671K [0x0000000080000000, 0x0000000100000000)
  region size 1024K, 6 young (6144K), 6 survivors (6144K)
 Metaspace       used 89923K, capacity 92066K, committed 92288K, reserved 1128448K
  class space    used 11716K, capacity 12533K, committed 12672K, reserved 1048576K
}
Event: 31.769 GC heap before
{Heap before GC invocations=52 (full 0):
 garbage-first heap   total 159744K, used 129487K [0x0000000080000000, 0x0000000100000000)
  region size 1024K, 40 young (40960K), 6 survivors (6144K)
 Metaspace       used 92173K, capacity 94401K, committed 94592K, reserved 1130496K
  class space    used 12002K, capacity 12853K, committed 12928K, reserved 1048576K
}
Event: 31.790 GC heap after
{Heap after GC invocations=53 (full 0):
 garbage-first heap   total 201728K, used 98448K [0x0000000080000000, 0x0000000100000000)
  region size 1024K, 5 young (5120K), 5 survivors (5120K)
 Metaspace       used 92173K, capacity 94401K, committed 94592K, reserved 1130496K
  class space    used 12002K, capacity 12853K, committed 12928K, reserved 1048576K
}
Event: 32.377 GC heap before
{Heap before GC invocations=54 (full 0):
 garbage-first heap   total 201728K, used 146576K [0x0000000080000000, 0x0000000100000000)
  region size 1024K, 52 young (53248K), 5 survivors (5120K)
 Metaspace       used 92858K, capacity 95089K, committed 95232K, reserved 1132544K
  class space    used 12082K, capacity 12931K, committed 13056K, reserved 1048576K
}
Event: 32.396 GC heap after
{Heap after GC invocations=55 (full 0):
 garbage-first heap   total 201728K, used 108308K [0x0000000080000000, 0x0000000100000000)
  region size 1024K, 7 young (7168K), 7 survivors (7168K)
 Metaspace       used 92858K, capacity 95089K, committed 95232K, reserved 1132544K
  class space    used 12082K, capacity 12931K, committed 13056K, reserved 1048576K
}
Event: 32.762 GC heap before
{Heap before GC invocations=55 (full 0):
 garbage-first heap   total 201728K, used 153364K [0x0000000080000000, 0x0000000100000000)
  region size 1024K, 51 young (52224K), 7 survivors (7168K)
 Metaspace       used 94033K, capacity 96357K, committed 96640K, reserved 1132544K
  class space    used 12250K, capacity 13138K, committed 13184K, reserved 1048576K
}
Event: 32.784 GC heap after
{Heap after GC invocations=56 (full 0):
 garbage-first heap   total 201728K, used 117241K [0x0000000080000000, 0x0000000100000000)
  region size 1024K, 7 young (7168K), 7 survivors (7168K)
 Metaspace       used 94033K, capacity 96357K, committed 96640K, reserved 1132544K
  class space    used 12250K, capacity 13138K, committed 13184K, reserved 1048576K
}
Event: 33.228 GC heap before
{Heap before GC invocations=57 (full 0):
 garbage-first heap   total 201728K, used 157177K [0x0000000080000000, 0x0000000100000000)
  region size 1024K, 47 young (48128K), 7 survivors (7168K)
 Metaspace       used 95086K, capacity 97343K, committed 97792K, reserved 1134592K
  class space    used 12337K, capacity 13179K, committed 13312K, reserved 1048576K
}
Event: 33.246 GC heap after
{Heap after GC invocations=58 (full 0):
 garbage-first heap   total 201728K, used 123641K [0x0000000080000000, 0x0000000100000000)
  region size 1024K, 6 young (6144K), 6 survivors (6144K)
 Metaspace       used 95086K, capacity 97343K, committed 97792K, reserved 1134592K
  class space    used 12337K, capacity 13179K, committed 13312K, reserved 1048576K
}
Event: 33.495 GC heap before
{Heap before GC invocations=58 (full 0):
 garbage-first heap   total 201728K, used 161529K [0x0000000080000000, 0x0000000100000000)
  region size 1024K, 44 young (45056K), 6 survivors (6144K)
 Metaspace       used 95561K, capacity 97904K, committed 98176K, reserved 1134592K
  class space    used 12432K, capacity 13351K, committed 13440K, reserved 1048576K
}
Event: 33.513 GC heap after
{Heap after GC invocations=59 (full 0):
 garbage-first heap   total 242688K, used 128856K [0x0000000080000000, 0x0000000100000000)
  region size 1024K, 6 young (6144K), 6 survivors (6144K)
 Metaspace       used 95561K, capacity 97904K, committed 98176K, reserved 1134592K
  class space    used 12432K, capacity 13351K, committed 13440K, reserved 1048576K
}
Event: 34.071 GC heap before
{Heap before GC invocations=60 (full 0):
 garbage-first heap   total 242688K, used 179032K [0x0000000080000000, 0x0000000100000000)
  region size 1024K, 55 young (56320K), 6 survivors (6144K)
 Metaspace       used 96068K, capacity 98388K, committed 98688K, reserved 1134592K
  class space    used 12520K, capacity 13403K, committed 13440K, reserved 1048576K
}
Event: 34.094 GC heap after
{Heap after GC invocations=61 (full 0):
 garbage-first heap   total 242688K, used 137662K [0x0000000080000000, 0x0000000100000000)
  region size 1024K, 7 young (7168K), 7 survivors (7168K)
 Metaspace       used 96068K, capacity 98388K, committed 98688K, reserved 1134592K
  class space    used 12520K, capacity 13403K, committed 13440K, reserved 1048576K
}
Event: 34.560 GC heap before
{Heap before GC invocations=61 (full 0):
 garbage-first heap   total 242688K, used 177598K [0x0000000080000000, 0x0000000100000000)
  region size 1024K, 47 young (48128K), 7 survivors (7168K)
 Metaspace       used 97059K, capacity 99398K, committed 99712K, reserved 1134592K
  class space    used 12688K, capacity 13614K, committed 13696K, reserved 1048576K
}
Event: 34.583 GC heap after
{Heap after GC invocations=62 (full 0):
 garbage-first heap   total 242688K, used 144993K [0x0000000080000000, 0x0000000100000000)
  region size 1024K, 7 young (7168K), 7 survivors (7168K)
 Metaspace       used 97059K, capacity 99398K, committed 99712K, reserved 1134592K
  class space    used 12688K, capacity 13614K, committed 13696K, reserved 1048576K
}
Event: 35.549 GC heap before
{Heap before GC invocations=63 (full 0):
 garbage-first heap   total 242688K, used 192097K [0x0000000080000000, 0x0000000100000000)
  region size 1024K, 51 young (52224K), 7 survivors (7168K)
 Metaspace       used 98796K, capacity 101238K, committed 101504K, reserved 1136640K
  class space    used 12940K, capacity 13919K, committed 13952K, reserved 1048576K
}
Event: 35.573 GC heap after
{Heap after GC invocations=64 (full 0):
 garbage-first heap   total 242688K, used 151355K [0x0000000080000000, 0x0000000100000000)
  region size 1024K, 7 young (7168K), 7 survivors (7168K)
 Metaspace       used 98796K, capacity 101238K, committed 101504K, reserved 1136640K
  class space    used 12940K, capacity 13919K, committed 13952K, reserved 1048576K
}
Event: 35.609 GC heap before
{Heap before GC invocations=64 (full 0):
 garbage-first heap   total 242688K, used 155451K [0x0000000080000000, 0x0000000100000000)
  region size 1024K, 11 young (11264K), 7 survivors (7168K)
 Metaspace       used 98876K, capacity 101369K, committed 101504K, reserved 1136640K
  class space    used 12950K, capacity 13920K, committed 13952K, reserved 1048576K
}

